<?xml version="1.0" encoding="UTF-8"?><testsuite name="nosetests" tests="34" errors="0" failures="0" skip="0"><testcase classname="tests.test_SLATime.TestAjustHours" name="test_adjust_time_delta_after_the_end_workday" time="0.000"></testcase><testcase classname="tests.test_SLATime.TestAjustHours" name="test_adjust_time_delta_before_the_beginning_workday" time="0.000"></testcase><testcase classname="tests.test_SLATime.TestAjustHours" name="test_adjust_time_delta_inside_workday" time="0.000"></testcase><testcase classname="tests.test_SLATime.TestDifferenceOfficeTime" name="test_office_time_between_two_dates_in_the_same_day_1" time="0.000"></testcase><testcase classname="tests.test_SLATime.TestDifferenceOfficeTime" name="test_office_time_between_two_dates_in_the_same_day_2" time="0.000"></testcase><testcase classname="tests.test_SLATime.TestDifferenceOfficeTime" name="test_office_time_between_two_dates_in_the_same_day_3" time="0.000"></testcase><testcase classname="tests.test_SLATime.TestDifferenceOfficeTime" name="test_office_time_between_two_dates_in_the_same_day_4" time="0.000"></testcase><testcase classname="tests.test_SLATime.TestDifferenceOfficeTime" name="test_office_time_between_two_friday_and_monday" time="0.000"></testcase><testcase classname="tests.test_SLATime.TestDifferenceOfficeTime" name="test_office_time_between_two_friday_and_monday_1" time="0.000"></testcase><testcase classname="tests.test_SLATime.TestDifferenceOfficeTime" name="test_office_time_between_two_friday_and_wednesday" time="0.000"></testcase><testcase classname="tests.test_SLATime.TestDifferenceOfficeTime" name="test_office_time_between_two_monday_and_friday" time="0.000"></testcase><testcase classname="tests.test_SLATime.TestDifferenceOfficeTime" name="test_office_time_between_weekend_and_monday" time="0.000"></testcase><testcase classname="tests.test_SLATime.TestDifferenceOfficeTime" name="test_strange_casuistic_1" time="0.000"></testcase><testcase classname="tests.test_SLATime.TestDifferenceOfficeTime" name="test_strange_casuistic_10" time="0.000"></testcase><testcase classname="tests.test_SLATime.TestDifferenceOfficeTime" name="test_strange_casuistic_2" time="0.000"></testcase><testcase classname="tests.test_SLATime.TestDifferenceOfficeTime" name="test_strange_casuistic_3" time="0.000"></testcase><testcase classname="tests.test_SLATime.TestDifferenceOfficeTime" name="test_strange_casuistic_4" time="0.000"></testcase><testcase classname="tests.test_SLATime.TestDifferenceOfficeTime" name="test_strange_casuistic_5" time="0.000"></testcase><testcase classname="tests.test_SLATime.TestDifferenceOfficeTime" name="test_strange_casuistic_6" time="0.000"></testcase><testcase classname="tests.test_SLATime.TestDifferenceOfficeTime" name="test_strange_casuistic_7" time="0.000"></testcase><testcase classname="tests.test_SLATime.TestDifferenceOfficeTime" name="test_strange_casuistic_8" time="0.000"></testcase><testcase classname="tests.test_SLATime.TestDifferenceOfficeTime" name="test_strange_casuistic_9" time="0.000"></testcase><testcase classname="tests.test_SLATime.TestFullDaysBetweenDays" name="test_full_between_casuistic_1" time="0.000"></testcase><testcase classname="tests.test_SLATime.TestFullDaysBetweenDays" name="test_full_between_casuistic_2" time="0.000"></testcase><testcase classname="tests.test_SLATime.TestFullDaysBetweenDays" name="test_full_between_casuistic_3" time="0.000"></testcase><testcase classname="tests.test_SLATime.TestFullDaysBetweenDays" name="test_full_between_casuistic_4" time="0.000"></testcase><testcase classname="tests.test_SLATime.TestFullDaysBetweenDays" name="test_full_between_normal_working_days" time="0.000"></testcase><testcase classname="tests.test_SLATime.TestFullDaysBetweenDays" name="test_full_between_normal_working_days_1" time="0.000"></testcase><testcase classname="tests.test_SLATime.TestFullDaysBetweenDays" name="test_full_between_normal_working_days_2" time="0.000"></testcase><testcase classname="tests.test_SLATime.TestFullDaysBetweenDays" name="test_full_between_same_working_days" time="0.000"></testcase><testcase classname="tests.test_SLATime.TestFullDaysBetweenDays" name="test_full_between_working_days_weekend" time="0.000"></testcase><testcase classname="tests.test_SLATime.TestFullDaysBetweenDays" name="test_full_between_working_days_weekend_2" time="0.000"></testcase><testcase classname="tests.test_SLATime.TestFullDaysBetweenDays" name="test_full_between_wrong_working_days" time="0.000"></testcase><testcase classname="tests.test_keystone.TestAjustHours" name="test_get_token" time="0.431"></testcase></testsuite>